<?xml version="1.0" encoding="UTF-8" ?>
<testsuite errors="0" failures="0" hostname="Home" name="test.model.data.managers.ManagersAllTestSuite" skipped="0" tests="3" time="0.187" timestamp="2020-07-06T07:56:42">
  <properties>
    <property name="sun.desktop" value="windows" />
    <property name="awt.toolkit" value="sun.awt.windows.WToolkit" />
    <property name="ant.library.dir" value="C:\Users\Norman Böttcher\Desktop\Studium\WiSe 19_20\eclipse\plugins\org.apache.ant_1.10.5.v20190526-1402\lib" />
    <property name="java.specification.version" value="10" />
    <property name="file.encoding.pkg" value="sun.io" />
    <property name="ant.project.name" value="Videothek" />
    <property name="sun.cpu.isalist" value="amd64" />
    <property name="sun.jnu.encoding" value="Cp1252" />
    <property name="java.class.path" value="C:\Users\Norman Böttcher\Desktop\Neuer Ordner\Streaming\bin;C:\Users\Norman Böttcher\Desktop\Neuer Ordner\Streaming\lib\itextpdf-5.4.0.jar;C:\Users\Norman Böttcher\Desktop\Neuer Ordner\Streaming\lib\javax.mail.jar;C:\Users\Norman Böttcher\Desktop\Neuer Ordner\Streaming\lib\javax.servlet-api-3.0.1.jar;C:\Users\Norman Böttcher\Desktop\Neuer Ordner\Streaming\lib\jstl-1.2.jar;C:\Users\Norman Böttcher\Desktop\Neuer Ordner\Streaming\lib\junit-4.12.jar;C:\Users\Norman Böttcher\Desktop\Neuer Ordner\Streaming\lib\org.hamcrest.core_1.3.0.v20180420-1519.jar;C:\Users\Norman Böttcher\Desktop\Neuer Ordner\Streaming\lib\postgresql-42.2.12.jar;C:\Program Files\Java\jdk-10.0.2\bin;C:\Program Files\Java\jre-10.0.2\bin;C:\Users\Norman Böttcher\Desktop\Studium\WiSe 19_20\eclipse\plugins\org.apache.ant_1.10.5.v20190526-1402\lib\ant-launcher.jar;C:\Users\Norman Böttcher\Desktop\Studium\WiSe 19_20\eclipse\plugins\org.apache.ant_1.10.5.v20190526-1402\lib\ant.jar;C:\Users\Norman Böttcher\Desktop\Studium\WiSe 19_20\eclipse\plugins\org.apache.ant_1.10.5.v20190526-1402\lib\ant-junit.jar;C:\Users\Norman Böttcher\Desktop\Studium\WiSe 19_20\eclipse\plugins\org.apache.ant_1.10.5.v20190526-1402\lib\ant-junit4.jar" />
    <property name="java.vm.vendor" value="&quot;Oracle Corporation&quot;" />
    <property name="sun.arch.data.model" value="64" />
    <property name="user.variant" value="" />
    <property name="java.vendor.url" value="http://java.oracle.com/" />
    <property name="source.dir" value="src" />
    <property name="user.timezone" value="" />
    <property name="os.name" value="Windows 7" />
    <property name="java.vm.specification.version" value="10" />
    <property name="reports.dir" value="generated-reports" />
    <property name="user.country" value="DE" />
    <property name="sun.java.launcher" value="SUN_STANDARD" />
    <property name="sun.boot.library.path" value="C:\Program Files\Java\jdk-10.0.2\bin" />
    <property name="sun.java.command" value="org.apache.tools.ant.taskdefs.optional.junit.JUnitTestRunner test.model.data.managers.ManagersAllTestSuite skipNonTests=false filtertrace=true haltOnError=false haltOnFailure=false formatter=org.apache.tools.ant.taskdefs.optional.junit.SummaryJUnitResultFormatter showoutput=true outputtoformatters=true logfailedtests=true threadid=0 logtestlistenerevents=false formatter=org.apache.tools.ant.taskdefs.optional.junit.BriefJUnitResultFormatter,C:\Users\Norman Böttcher\Desktop\Neuer Ordner\Streaming\generated-reports\junit\TEST-test.model.data.managers.ManagersAllTestSuite.txt formatter=org.apache.tools.ant.taskdefs.optional.junit.XMLJUnitResultFormatter,C:\Users\Norman Böttcher\Desktop\Neuer Ordner\Streaming\generated-reports\junit\TEST-test.model.data.managers.ManagersAllTestSuite.xml crashfile=C:\Users\Norman Böttcher\Desktop\Neuer Ordner\Streaming\junitvmwatcher3435978460203730419.properties propsfile=C:\Users\Norman Böttcher\Desktop\Neuer Ordner\Streaming\junit2928292507319609650.properties" />
    <property name="jdk.debug" value="release" />
    <property name="sun.cpu.endian" value="little" />
    <property name="user.home" value="C:\Users\Norman Böttcher" />
    <property name="user.language" value="de" />
    <property name="eclipse.pdebuild.templates" value="C:\Users\Norman Böttcher\Desktop\Studium\WiSe 19_20\eclipse\plugins\org.eclipse.pde.build_3.10.500.v20190620-0530\templates" />
    <property name="java.specification.vendor" value="Oracle Corporation" />
    <property name="java.version.date" value="2018-07-17" />
    <property name="java.home" value="C:\Program Files\Java\jdk-10.0.2" />
    <property name="file.separator" value="\" />
    <property name="basedir" value="C:\Users\Norman Böttcher\Desktop\Neuer Ordner\Streaming" />
    <property name="eclipse.pdebuild.home" value="C:\Users\Norman Böttcher\Desktop\Studium\WiSe 19_20\eclipse\plugins\org.eclipse.pde.build_3.10.500.v20190620-0530\." />
    <property name="java.vm.compressedOopsMode" value="32-bit" />
    <property name="line.separator" value="&#xd;&#xa;" />
    <property name="ant.java.version" value="10" />
    <property name="java.vm.specification.vendor" value="Oracle Corporation" />
    <property name="java.specification.name" value="Java Platform API Specification" />
    <property name="doc.dir" value="doc" />
    <property name="java.awt.graphicsenv" value="sun.awt.Win32GraphicsEnvironment" />
    <property name="user.script" value="" />
    <property name="sun.management.compiler" value="HotSpot 64-Bit Tiered Compilers" />
    <property name="java.runtime.version" value="10.0.2+13" />
    <property name="user.name" value="Norman B”ttcher" />
    <property name="ant.file" value="C:\Users\Norman Böttcher\Desktop\Neuer Ordner\Streaming\build.xml" />
    <property name="path.separator" value=";" />
    <property name="os.version" value="6.1" />
    <property name="java.runtime.name" value="Java(TM) SE Runtime Environment" />
    <property name="ant.file.Videothek" value="C:\Users\Norman Böttcher\Desktop\Neuer Ordner\Streaming\build.xml" />
    <property name="ant.project.invoked-targets" value="run" />
    <property name="file.encoding" value="Cp1252" />
    <property name="java.vm.name" value="Java HotSpot(TM) 64-Bit Server VM" />
    <property name="source.dir.present" value="true" />
    <property name="java.vendor.version" value="18.3" />
    <property name="ant.core.lib" value="C:\Users\Norman Böttcher\Desktop\Studium\WiSe 19_20\eclipse\plugins\org.apache.ant_1.10.5.v20190526-1402\lib\ant.jar" />
    <property name="build.dir" value="bin" />
    <property name="java.vendor.url.bug" value="http://bugreport.java.com/bugreport/" />
    <property name="java.io.tmpdir" value="C:\Users\NORMAN~1\AppData\Local\Temp\" />
    <property name="java.version" value="10.0.2" />
    <property name="user.dir" value="C:\Users\Norman Böttcher\Desktop\Neuer Ordner\Streaming" />
    <property name="os.arch" value="amd64" />
    <property name="java.vm.specification.name" value="Java Virtual Machine Specification" />
    <property name="ant.file.type.Videothek" value="file" />
    <property name="java.awt.printerjob" value="sun.awt.windows.WPrinterJob" />
    <property name="ant.home" value="C:\Users\Norman Böttcher\Desktop\Studium\WiSe 19_20\eclipse\plugins\org.apache.ant_1.10.5.v20190526-1402" />
    <property name="lib.dir" value="lib" />
    <property name="sun.os.patch.level" value="Service Pack 1" />
    <property name="ant.version" value="Apache Ant(TM) version 1.10.5 compiled on July 10 2018" />
    <property name="java.library.path" value="C:\Program Files\Java\jdk-10.0.2\bin;C:\Windows\Sun\Java\bin;C:\Windows\system32;C:\Windows;C:/Program Files/Java/jdk-10.0.2/bin/server;C:/Program Files/Java/jdk-10.0.2/bin;C:\Windows\system32;C:\Windows\;C:\Program Files (x86)\NVIDIA Corporation\PhysX\Common;c:\mingw\bin;c:\mingw\libexec\gcc\x86_64-w64-mingw32\7.4.0;C:\Program Files\Microsoft MPI\Bin\;C:\Program Files\apache-ant-1.10.5\bin;C:\Program Files\Java\jdk-10.0.2\bin;C:\Program Files\TortoiseSVN\bin;C:\ProgramData\chocolatey\bin;C:\Program Files (x86)\Subversion\bin;C:\Program Files\dotnet\;C:\Program Files\Microsoft SQL Server\130\Tools\Binn\;C:\Program Files\VisualSVN Server\bin\;C:\BigDataLocalSetUp\spark\bin\;C:\BigDataLocalSetUp\hadoop\bin\;C:\Users\Norman B”ttcher\AppData\Local\Programs\Python\Python38-32\Scripts\;C:\Users\Norman B”ttcher\AppData\Local\Programs\Python\Python38-32\;C:\Program Files\Java\jdk-10.0.2\bin;\C:\Programme\apache-ant-1.10.5\bin;;C:\Program Files\JetBrains\PyCharm Community Edition 2019.3.4\bin;;C:\Users\Norman B”ttcher\Desktop\Studium\WiSe 19_20\eclipse;;." />
    <property name="eclipse.pdebuild.scripts" value="C:\Users\Norman Böttcher\Desktop\Studium\WiSe 19_20\eclipse\plugins\org.eclipse.pde.build_3.10.500.v20190620-0530\scripts" />
    <property name="java.vendor" value="Oracle Corporation" />
    <property name="java.vm.info" value="mixed mode" />
    <property name="java.vm.version" value="10.0.2+13" />
    <property name="sun.io.unicode.encoding" value="UnicodeLittle" />
    <property name="java.class.version" value="54.0" />
    <property name="ant.project.default-target" value="run" />
  </properties>
  <testcase classname="test.model.data.managers.DatumsManagerTest" name="aktuellesDatumTest" time="0.0" />
  <testcase classname="test.model.data.managers.DoubleManagerTest" name="roundTest" time="0.0" />
  <testcase classname="test.model.data.managers.PasswortManagerTest" name="generateHashTest" time="0.0" />
  <system-out><![CDATA[2020-07-06
06.07.2020
2020-07-01
]]></system-out>
  <system-err><![CDATA[]]></system-err>
</testsuite>
